2025-06-17 12:45:10,763 - INFO - 1件のURLを処理します
2025-06-17 12:45:10,764 - INFO - スクレイピング開始: https://www.carsensor.net/usedcar/bLE/s016/index.html
2025-06-17 12:45:10,764 - INFO - ページ 1 を処理中...
2025-06-17 12:45:11,570 - INFO - 車種名: F
2025-06-17 12:45:11,582 - INFO - 30台中 30台を処理
2025-06-17 12:45:12,627 - INFO - ページ 2 を処理中...
2025-06-17 12:45:13,213 - INFO - 30台中 30台を処理
2025-06-17 12:45:14,294 - INFO - ページ 3 を処理中...
2025-06-17 12:45:14,690 - INFO - 19台中 19台を処理
2025-06-17 12:45:14,725 - INFO - スクレイピング完了: 79台
2025-06-17 12:45:14,732 - INFO - CSV保存: data\scraped\F\2025年06月17日\2025_06_17_F.No1.csv
2025-06-17 12:45:15,050 - INFO - Excel保存: data\scraped\F\2025年06月17日\2025_06_17_F.No1.xlsx
2025-06-17 12:45:15,050 - INFO - 全処理完了: 1ファイル生成
2025-06-17 12:45:29,550 - INFO - データ読み込み完了: 79件
2025-06-17 12:45:29,568 - INFO - 正規グレードDB読み込み: 1331車種
2025-06-17 12:45:29,569 - INFO - 除外キーワード読み込み: 107件
2025-06-17 12:45:29,569 - INFO - グレード正規化開始...
2025-06-17 12:45:29,634 - INFO - 正規化完了:
2025-06-17 12:45:29,634 - INFO -   高精度(≥80%): 17件
2025-06-17 12:45:29,634 - INFO -   中精度(60-80%): 4件
2025-06-17 12:45:29,634 - INFO -   低精度(<60%): 58件
2025-06-17 13:04:59,531 - INFO - 正規グレードDB読み込み: 1331車種
2025-06-17 13:04:59,542 - INFO - 除外キーワード読み込み: 107件
2025-06-17 13:04:59,542 - INFO - グレード正規化開始...
2025-06-17 13:04:59,607 - INFO - 正規化完了:
2025-06-17 13:04:59,610 - INFO -   高精度(≥80%): 17件
2025-06-17 13:04:59,610 - INFO -   中精度(60-80%): 4件
2025-06-17 13:04:59,610 - INFO -   低精度(<60%): 58件
