2025-06-17 12:21:06,821 - INFO - スクレイピング開始
2025-06-17 12:21:06,832 - INFO - 3件のURLを処理します
2025-06-17 12:21:06,832 - INFO - スクレイピング開始: https://www.carsensor.net/usedcar/index.html?STID=CS210610&AR=&BRDC=&CARC=LE_S019&NINTEI=&CSHOSHO=
2025-06-17 12:21:06,833 - INFO - ページ 1 を処理中...
2025-06-17 12:21:07,851 - INFO - 車種名: LC
2025-06-17 12:21:07,865 - INFO - 30台中 30台を処理
2025-06-17 12:21:08,917 - INFO - ページ 2 を処理中...
2025-06-17 12:21:09,568 - INFO - 30台中 30台を処理
2025-06-17 12:21:10,623 - INFO - ページ 3 を処理中...
2025-06-17 12:21:11,236 - INFO - 30台中 30台を処理
2025-06-17 12:21:12,289 - INFO - ページ 4 を処理中...
2025-06-17 12:21:13,128 - INFO - 30台中 30台を処理
2025-06-17 12:21:14,172 - INFO - ページ 5 を処理中...
2025-06-17 12:21:15,053 - INFO - 30台中 30台を処理
2025-06-17 12:21:16,100 - INFO - ページ 6 を処理中...
2025-06-17 12:21:16,974 - INFO - 29台中 29台を処理
2025-06-17 12:21:17,026 - INFO - スクレイピング完了: 179台
2025-06-17 12:21:17,033 - INFO - CSV保存: data\scraped\LC\2025年06月17日\2025_06_17_LC.No1.csv
2025-06-17 12:21:17,370 - INFO - Excel保存: data\scraped\LC\2025年06月17日\2025_06_17_LC.No1.xlsx
2025-06-17 12:21:17,370 - INFO - 次のURL処理まで5秒待機...
2025-06-17 12:21:22,374 - INFO - スクレイピング開始: https://www.carsensor.net/usedcar/index.html?STID=CS210610&AR=&BRDC=&CARC=LE_S005&NINTEI=&CSHOSHO=
2025-06-17 12:21:22,374 - INFO - ページ 1 を処理中...
2025-06-17 12:21:23,922 - INFO - 車種名: LS
2025-06-17 12:21:23,935 - INFO - 32台中 30台を処理
2025-06-17 12:21:24,985 - INFO - ページ 2 を処理中...
2025-06-17 12:21:25,841 - INFO - 32台中 30台を処理
2025-06-17 12:21:26,889 - INFO - ページ 3 を処理中...
2025-06-17 12:21:27,904 - INFO - 32台中 30台を処理
2025-06-17 12:21:28,955 - INFO - ページ 4 を処理中...
2025-06-17 12:21:29,649 - INFO - 32台中 30台を処理
2025-06-17 12:21:30,702 - INFO - ページ 5 を処理中...
2025-06-17 12:21:31,435 - INFO - 32台中 30台を処理
2025-06-17 12:21:32,482 - INFO - ページ 6 を処理中...
2025-06-17 12:21:33,154 - INFO - 32台中 30台を処理
2025-06-17 12:21:34,200 - INFO - ページ 7 を処理中...
2025-06-17 12:21:34,862 - INFO - 32台中 30台を処理
2025-06-17 12:21:35,907 - INFO - ページ 8 を処理中...
2025-06-17 12:21:36,563 - INFO - 32台中 30台を処理
2025-06-17 12:21:37,628 - INFO - ページ 9 を処理中...
2025-06-17 12:21:38,263 - INFO - 32台中 30台を処理
2025-06-17 12:21:39,311 - INFO - ページ 10 を処理中...
2025-06-17 12:21:40,394 - INFO - 32台中 30台を処理
2025-06-17 12:21:41,440 - INFO - スクレイピング完了: 300台
2025-06-17 12:21:41,449 - INFO - CSV保存: data\scraped\LS\2025年06月17日\2025_06_17_LS.No1.csv
2025-06-17 12:21:41,521 - INFO - Excel保存: data\scraped\LS\2025年06月17日\2025_06_17_LS.No1.xlsx
2025-06-17 12:21:41,522 - INFO - 次のURL処理まで5秒待機...
2025-06-17 12:21:46,532 - INFO - スクレイピング開始: https://www.carsensor.net/usedcar/index.html?STID=CS210610&AR=&BRDC=&CARC=LE_S015&NINTEI=&CSHOSHO=
2025-06-17 12:21:46,533 - INFO - ページ 1 を処理中...
2025-06-17 12:21:47,716 - INFO - 車種名: RC
2025-06-17 12:21:47,730 - INFO - 32台中 30台を処理
2025-06-17 12:21:48,774 - INFO - ページ 2 を処理中...
2025-06-17 12:21:49,447 - INFO - 32台中 30台を処理
2025-06-17 12:21:50,498 - INFO - ページ 3 を処理中...
2025-06-17 12:21:51,263 - INFO - 32台中 30台を処理
2025-06-17 12:21:52,314 - INFO - ページ 4 を処理中...
2025-06-17 12:21:53,404 - INFO - 32台中 30台を処理
2025-06-17 12:21:54,450 - INFO - ページ 5 を処理中...
2025-06-17 12:21:55,783 - INFO - 32台中 30台を処理
2025-06-17 12:21:56,835 - INFO - ページ 6 を処理中...
2025-06-17 12:21:57,640 - INFO - 32台中 30台を処理
2025-06-17 12:21:58,686 - INFO - ページ 7 を処理中...
2025-06-17 12:21:59,422 - INFO - 32台中 30台を処理
2025-06-17 12:22:00,462 - INFO - ページ 8 を処理中...
2025-06-17 12:22:01,192 - INFO - 32台中 30台を処理
2025-06-17 12:22:02,239 - INFO - ページ 9 を処理中...
2025-06-17 12:22:02,622 - INFO - 6台中 6台を処理
2025-06-17 12:22:02,641 - INFO - スクレイピング完了: 246台
2025-06-17 12:22:02,645 - INFO - CSV保存: data\scraped\RC\2025年06月17日\2025_06_17_RC.No1.csv
2025-06-17 12:22:02,704 - INFO - Excel保存: data\scraped\RC\2025年06月17日\2025_06_17_RC.No1.xlsx
2025-06-17 12:22:02,705 - INFO - 全処理完了: 3ファイル生成
2025-06-17 12:22:02,705 - INFO - スクレイピング完了: 3ファイル
2025-06-17 12:22:13,354 - INFO - 分析開始: C:\Users\PC_User\car-analysis-system\data\scraped\LS\2025年06月17日\2025_06_17_LS.No1.csv
2025-06-17 12:22:13,381 - INFO - データ読み込み完了: 300件
2025-06-17 12:22:13,399 - INFO - 正規グレードDB読み込み: 1331車種
2025-06-17 12:22:13,406 - INFO - 除外キーワード読み込み: 107件
2025-06-17 12:22:13,407 - INFO - グレード正規化開始...
2025-06-17 12:22:13,662 - INFO - 正規化進捗: 100/300
2025-06-17 12:22:13,938 - INFO - 正規化進捗: 200/300
2025-06-17 12:22:14,199 - INFO - 正規化進捗: 300/300
2025-06-17 12:22:14,203 - INFO - 正規化完了:
2025-06-17 12:22:14,203 - INFO -   高精度(≥80%): 1件
2025-06-17 12:22:14,203 - INFO -   中精度(60-80%): 0件
2025-06-17 12:22:14,203 - INFO -   低精度(<60%): 299件
2025-06-17 12:22:14,592 - ERROR - 分析エラー: name 're' is not defined
2025-06-17 12:22:16,898 - INFO - スクレイピング開始
2025-06-17 12:22:16,899 - INFO - 3件のURLを処理します
2025-06-17 12:22:16,899 - INFO - スクレイピング開始: https://www.carsensor.net/usedcar/index.html?STID=CS210610&AR=&BRDC=&CARC=LE_S019&NINTEI=&CSHOSHO=
2025-06-17 12:22:16,900 - INFO - ページ 1 を処理中...
2025-06-17 12:22:17,744 - INFO - 車種名: LC
2025-06-17 12:22:17,757 - INFO - 30台中 30台を処理
2025-06-17 12:22:18,818 - INFO - ページ 2 を処理中...
2025-06-17 12:22:19,491 - INFO - 30台中 30台を処理
2025-06-17 12:22:20,547 - INFO - ページ 3 を処理中...
2025-06-17 12:22:21,108 - INFO - 30台中 30台を処理
2025-06-17 12:22:22,156 - INFO - ページ 4 を処理中...
2025-06-17 12:22:22,763 - INFO - 30台中 30台を処理
2025-06-17 12:22:23,813 - INFO - ページ 5 を処理中...
2025-06-17 12:22:24,295 - INFO - 30台中 30台を処理
2025-06-17 12:22:25,335 - INFO - ページ 6 を処理中...
2025-06-17 12:22:25,871 - INFO - 29台中 29台を処理
2025-06-17 12:22:25,921 - INFO - スクレイピング完了: 179台
2025-06-17 12:22:25,929 - INFO - CSV保存: data\scraped\LC\2025年06月17日\2025_06_17_LC.No2.csv
2025-06-17 12:22:26,262 - INFO - Excel保存: data\scraped\LC\2025年06月17日\2025_06_17_LC.No2.xlsx
2025-06-17 12:22:26,262 - INFO - 次のURL処理まで5秒待機...
2025-06-17 12:22:31,266 - INFO - スクレイピング開始: https://www.carsensor.net/usedcar/index.html?STID=CS210610&AR=&BRDC=&CARC=LE_S005&NINTEI=&CSHOSHO=
2025-06-17 12:22:31,267 - INFO - ページ 1 を処理中...
2025-06-17 12:22:32,151 - INFO - 車種名: LS
2025-06-17 12:22:32,164 - INFO - 32台中 30台を処理
2025-06-17 12:22:33,213 - INFO - ページ 2 を処理中...
2025-06-17 12:22:33,941 - INFO - 32台中 30台を処理
2025-06-17 12:22:34,995 - INFO - ページ 3 を処理中...
2025-06-17 12:22:35,681 - INFO - 32台中 30台を処理
2025-06-17 12:22:36,731 - INFO - ページ 4 を処理中...
2025-06-17 12:22:37,364 - INFO - 32台中 30台を処理
2025-06-17 12:22:38,422 - INFO - ページ 5 を処理中...
2025-06-17 12:22:39,166 - INFO - 32台中 30台を処理
2025-06-17 12:22:40,211 - INFO - ページ 6 を処理中...
2025-06-17 12:22:40,869 - INFO - 32台中 30台を処理
2025-06-17 12:22:41,921 - INFO - ページ 7 を処理中...
2025-06-17 12:22:42,645 - INFO - 32台中 30台を処理
2025-06-17 12:22:43,705 - INFO - ページ 8 を処理中...
2025-06-17 12:22:44,382 - INFO - 32台中 30台を処理
2025-06-17 12:22:45,440 - INFO - ページ 9 を処理中...
2025-06-17 12:22:46,046 - INFO - 32台中 30台を処理
2025-06-17 12:22:47,092 - INFO - ページ 10 を処理中...
2025-06-17 12:22:47,798 - INFO - 32台中 30台を処理
2025-06-17 12:22:48,850 - INFO - スクレイピング完了: 300台
2025-06-17 12:22:48,857 - INFO - CSV保存: data\scraped\LS\2025年06月17日\2025_06_17_LS.No2.csv
2025-06-17 12:22:48,932 - INFO - Excel保存: data\scraped\LS\2025年06月17日\2025_06_17_LS.No2.xlsx
2025-06-17 12:22:48,932 - INFO - 次のURL処理まで5秒待機...
2025-06-17 12:22:53,946 - INFO - スクレイピング開始: https://www.carsensor.net/usedcar/index.html?STID=CS210610&AR=&BRDC=&CARC=LE_S015&NINTEI=&CSHOSHO=
2025-06-17 12:22:53,946 - INFO - ページ 1 を処理中...
2025-06-17 12:22:55,189 - INFO - 車種名: RC
2025-06-17 12:22:55,204 - INFO - 32台中 30台を処理
2025-06-17 12:22:56,257 - INFO - ページ 2 を処理中...
2025-06-17 12:22:57,023 - INFO - 32台中 30台を処理
2025-06-17 12:22:58,070 - INFO - ページ 3 を処理中...
2025-06-17 12:22:58,766 - INFO - 32台中 30台を処理
2025-06-17 12:22:59,811 - INFO - ページ 4 を処理中...
2025-06-17 12:23:00,577 - INFO - 32台中 30台を処理
2025-06-17 12:23:01,630 - INFO - ページ 5 を処理中...
2025-06-17 12:23:02,281 - INFO - 32台中 30台を処理
2025-06-17 12:23:03,336 - INFO - ページ 6 を処理中...
2025-06-17 12:23:03,964 - INFO - 32台中 30台を処理
2025-06-17 12:23:05,012 - INFO - ページ 7 を処理中...
2025-06-17 12:23:05,744 - INFO - 32台中 30台を処理
2025-06-17 12:23:06,798 - INFO - ページ 8 を処理中...
2025-06-17 12:23:07,457 - INFO - 32台中 30台を処理
2025-06-17 12:23:08,502 - INFO - ページ 9 を処理中...
2025-06-17 12:23:08,940 - INFO - 6台中 6台を処理
2025-06-17 12:23:08,961 - INFO - スクレイピング完了: 246台
2025-06-17 12:23:08,967 - INFO - CSV保存: data\scraped\RC\2025年06月17日\2025_06_17_RC.No2.csv
2025-06-17 12:23:09,027 - INFO - Excel保存: data\scraped\RC\2025年06月17日\2025_06_17_RC.No2.xlsx
2025-06-17 12:23:09,027 - INFO - 全処理完了: 3ファイル生成
2025-06-17 12:23:09,027 - INFO - スクレイピング完了: 3ファイル
2025-06-17 12:23:09,027 - INFO - 分析開始: data\scraped\LC\2025年06月17日\2025_06_17_LC.No2.csv
2025-06-17 12:23:09,043 - INFO - データ読み込み完了: 179件
2025-06-17 12:23:09,053 - INFO - 正規グレードDB読み込み: 1331車種
2025-06-17 12:23:09,053 - INFO - 除外キーワード読み込み: 107件
2025-06-17 12:23:09,054 - INFO - グレード正規化開始...
2025-06-17 12:23:09,242 - INFO - 正規化進捗: 100/179
2025-06-17 12:23:09,363 - INFO - 正規化完了:
2025-06-17 12:23:09,365 - INFO -   高精度(≥80%): 1件
2025-06-17 12:23:09,365 - INFO -   中精度(60-80%): 0件
2025-06-17 12:23:09,365 - INFO -   低精度(<60%): 178件
2025-06-17 12:23:09,427 - ERROR - 分析エラー: name 're' is not defined
2025-06-17 12:23:09,428 - INFO - 分析開始: data\scraped\LS\2025年06月17日\2025_06_17_LS.No2.csv
2025-06-17 12:23:09,475 - INFO - データ読み込み完了: 300件
2025-06-17 12:23:09,549 - INFO - 正規グレードDB読み込み: 1331車種
2025-06-17 12:23:09,550 - INFO - 除外キーワード読み込み: 107件
2025-06-17 12:23:09,552 - INFO - グレード正規化開始...
2025-06-17 12:23:09,804 - INFO - 正規化進捗: 100/300
2025-06-17 12:23:10,106 - INFO - 正規化進捗: 200/300
2025-06-17 12:23:10,385 - INFO - 正規化進捗: 300/300
2025-06-17 12:23:10,386 - INFO - 正規化完了:
2025-06-17 12:23:10,387 - INFO -   高精度(≥80%): 1件
2025-06-17 12:23:10,387 - INFO -   中精度(60-80%): 0件
2025-06-17 12:23:10,387 - INFO -   低精度(<60%): 299件
2025-06-17 12:23:10,472 - ERROR - 分析エラー: name 're' is not defined
2025-06-17 12:23:10,474 - INFO - 分析開始: data\scraped\RC\2025年06月17日\2025_06_17_RC.No2.csv
2025-06-17 12:23:10,489 - INFO - データ読み込み完了: 246件
2025-06-17 12:23:10,499 - INFO - 正規グレードDB読み込み: 1331車種
2025-06-17 12:23:10,500 - INFO - 除外キーワード読み込み: 107件
2025-06-17 12:23:10,500 - INFO - グレード正規化開始...
2025-06-17 12:23:10,646 - INFO - 正規化進捗: 100/246
2025-06-17 12:23:10,782 - INFO - 正規化進捗: 200/246
2025-06-17 12:23:10,846 - INFO - 正規化完了:
2025-06-17 12:23:10,846 - INFO -   高精度(≥80%): 3件
2025-06-17 12:23:10,846 - INFO -   中精度(60-80%): 2件
2025-06-17 12:23:10,846 - INFO -   低精度(<60%): 241件
2025-06-17 12:23:10,925 - ERROR - 分析エラー: name 're' is not defined
2025-06-17 12:33:58,016 - INFO - スクレイピング開始
2025-06-17 12:33:58,024 - INFO - 1件のURLを処理します
2025-06-17 12:33:58,024 - INFO - スクレイピング開始: https://www.carsensor.net/usedcar/bLE/s016/index.html
2025-06-17 12:33:58,024 - INFO - ページ 1 を処理中...
2025-06-17 12:33:59,033 - INFO - 車種名: F
2025-06-17 12:33:59,046 - INFO - 30台中 30台を処理
2025-06-17 12:34:00,102 - INFO - ページ 2 を処理中...
2025-06-17 12:34:00,772 - INFO - 30台中 30台を処理
2025-06-17 12:34:01,822 - INFO - ページ 3 を処理中...
2025-06-17 12:34:02,334 - INFO - 19台中 19台を処理
2025-06-17 12:34:02,374 - INFO - スクレイピング完了: 79台
2025-06-17 12:34:02,380 - INFO - CSV保存: data\scraped\F\2025年06月17日\2025_06_17_F.No1.csv
2025-06-17 12:34:02,730 - INFO - Excel保存: data\scraped\F\2025年06月17日\2025_06_17_F.No1.xlsx
2025-06-17 12:34:02,730 - INFO - 全処理完了: 1ファイル生成
2025-06-17 12:34:02,730 - INFO - スクレイピング完了: 1ファイル
