2025-06-18 09:58:20,842 - ERROR - URLファイルが見つかりません: urls.txt
2025-06-18 10:05:34,432 - INFO - URLファイルを発見: ../../urls.txt
2025-06-18 10:05:34,432 - INFO - 1件のURLを処理します
2025-06-18 10:05:34,432 - INFO - URL 1/1 を処理中: https://www.carsensor.net/usedcar/bLE/s016/index.html
2025-06-18 10:05:34,432 - INFO - スクレイピング開始: https://www.carsensor.net/usedcar/bLE/s016/index.html
2025-06-18 10:05:34,432 - INFO - ページ 1 を処理中...
2025-06-18 10:05:35,303 - INFO - 車種名: F
2025-06-18 10:05:35,311 - INFO - 30台中 30台を処理
2025-06-18 10:05:36,374 - INFO - ページ 2 を処理中...
2025-06-18 10:05:36,952 - INFO - 30台中 30台を処理
2025-06-18 10:05:38,016 - INFO - ページ 3 を処理中...
2025-06-18 10:05:38,412 - INFO - 19台中 19台を処理
2025-06-18 10:05:38,452 - INFO - スクレイピング完了: 79台
2025-06-18 10:05:38,471 - INFO - CSV保存: data\scraped\F\2025年06月18日\2025_06_18_F.No1.csv
2025-06-18 10:05:38,890 - INFO - Excel保存: data\scraped\F\2025年06月18日\2025_06_18_F.No1.xlsx
2025-06-18 10:05:38,890 - INFO - 完了: F - 79台取得
2025-06-18 10:05:38,891 - INFO - ==================================================
2025-06-18 10:05:38,891 - INFO - スクレイピング完了サマリー
2025-06-18 10:05:38,891 - INFO - ==================================================
2025-06-18 10:05:38,891 - INFO - 処理URL数: 1
2025-06-18 10:05:38,891 - INFO - 生成ファイル数: 1
2025-06-18 10:05:38,891 - INFO - 開始時刻: 2025-06-18 10:05:34
2025-06-18 10:05:38,891 - INFO - 完了時刻: 2025-06-18 10:05:38
